

    
 
	
	
	


	
	

	
	

	
	
	





 

  


  


  



  


  


  




  

	



	


   


    

   

   

   


	

	

	

	
	

	
	

	

	

	

	

	

	

	

	

	

	

		
    
    

	
	
	

	

	

	

	

	

	

	

	

	

    
    
    
    
    
	    
	        <testsuite name="mxunit.testresults" hostname="127.0.0.1" tests="3" failures="0" errors="0" timestamp="07/29/13 8:56:11 PM" time="0.048"><properties>
[...]
</properties><testcase classname="sampleapp.test.mxunit.LocationManagerTest" name="verify51States" time="0.024"></testcase><testcase classname="sampleapp.test.mxunit.LocationManagerTest" name="verifyStateNames" time="0.003"></testcase><testcase classname="sampleapp.test.mxunit.LocationManagerTest" name="verifyStateRSFields" time="0.003"></testcase></testsuite>
	      
    
  
    